<?xml version="1.0" encoding="UTF-8"?>
<!-- Generated by org.testng.reporters.JUnitXMLReporter -->
<testsuite hostname="L-8YSWH32" tests="2" failures="1" timestamp="4 Sep 2016 15:54:16 GMT" time="37.547" errors="0">
  <testcase name="buyflow" time="10.334" classname="SDWeb">
    <failure type="org.openqa.selenium.WebDriverException" message="Element is not clickable at point (704.9166870117188, 26.5). Other element would receive the click: &amp;lt;div class=&amp;quot;searcharea-overlay&amp;quot;&amp;gt;&amp;lt;/div&amp;gt;
Command duration or timeout: 85 milliseconds
Build info: version: &amp;apos;2.53.0&amp;apos;, revision: &amp;apos;35ae25b1534ae328c771e0856c93e187490ca824&amp;apos;, time: &amp;apos;2016-03-15 10:43:46&amp;apos;
System info: host: &amp;apos;L-8YSWH32&amp;apos;, ip: &amp;apos;10.20.73.88&amp;apos;, os.name: &amp;apos;Windows 7&amp;apos;, os.arch: &amp;apos;amd64&amp;apos;, os.version: &amp;apos;6.1&amp;apos;, java.version: &amp;apos;1.7.0_79&amp;apos;
Session ID: a2b513de-f7b4-4ab6-a9ea-5b269e80b061
Driver info: org.openqa.selenium.firefox.FirefoxDriver
Capabilities [{platform=WINDOWS, acceptSslCerts=true, javascriptEnabled=true, cssSelectorsEnabled=true, databaseEnabled=true, browserName=firefox, handlesAlerts=true, nativeEvents=false, webStorageEnabled=true, rotatable=false, locationContextEnabled=true, applicationCacheEnabled=true, takesScreenshot=true, version=45.0.2}]">
      <![CDATA[org.openqa.selenium.WebDriverException: Element is not clickable at point (704.9166870117188, 26.5). Other element would receive the click: <div class="searcharea-overlay"></div>
Command duration or timeout: 85 milliseconds
Build info: version: '2.53.0', revision: '35ae25b1534ae328c771e0856c93e187490ca824', time: '2016-03-15 10:43:46'
System info: host: 'L-8YSWH32', ip: '10.20.73.88', os.name: 'Windows 7', os.arch: 'amd64', os.version: '6.1', java.version: '1.7.0_79'
Session ID: a2b513de-f7b4-4ab6-a9ea-5b269e80b061
Driver info: org.openqa.selenium.firefox.FirefoxDriver
Capabilities [{platform=WINDOWS, acceptSslCerts=true, javascriptEnabled=true, cssSelectorsEnabled=true, databaseEnabled=true, browserName=firefox, handlesAlerts=true, nativeEvents=false, webStorageEnabled=true, rotatable=false, locationContextEnabled=true, applicationCacheEnabled=true, takesScreenshot=true, version=45.0.2}]
	at org.openqa.selenium.remote.ErrorHandler.createThrowable(ErrorHandler.java:206)
	at org.openqa.selenium.remote.ErrorHandler.throwIfResponseFailed(ErrorHandler.java:158)
	at org.openqa.selenium.remote.RemoteWebDriver.execute(RemoteWebDriver.java:678)
	at org.openqa.selenium.remote.RemoteWebElement.execute(RemoteWebElement.java:327)
	at org.openqa.selenium.remote.RemoteWebElement.click(RemoteWebElement.java:85)
	at org.openqa.selenium.support.pagefactory.internal.LocatingElementHandler.invoke(LocatingElementHandler.java:51)
	at com.sun.proxy.$Proxy7.click(Unknown Source)
	at Pdp.pdpbuy(Pdp.java:55)
	at SDWeb.buyflow(SDWeb.java:66)
	at com.intellij.rt.execution.application.AppMain.main(AppMain.java:140)
... Removed 37 stack frames]]>
    </failure>
  </testcase> <!-- buyflow -->
  <testcase name="fmcg" time="11.164" classname="SDWeb"/>
</testsuite>
